{"/home/user/FirstProject/App.js": {"path":"/home/user/FirstProject/App.js","statementMap":{"0":{"start":{"line":12,"column":12},"end":{"line":14,"column":1}},"1":{"start":{"line":13,"column":2},"end":{"line":13,"column":27}}},"fnMap":{"0":{"name":"(anonymous_0)","decl":{"start":{"line":12,"column":12},"end":{"line":12,"column":13}},"loc":{"start":{"line":12,"column":18},"end":{"line":14,"column":1}},"line":12}},"branchMap":{},"s":{"0":1,"1":2},"f":{"0":2},"b":{},"_coverageSchema":"1a1c01bbd47fc00a2c39e90264f33305004495a9","hash":"4c596d8b387f113a21a31696e6188d11eb1dee09"}
,"/home/user/FirstProject/src/navigation/NavigationHelper.js": {"path":"/home/user/FirstProject/src/navigation/NavigationHelper.js","statementMap":{"0":{"start":{"line":5,"column":2},"end":{"line":5,"column":50}},"1":{"start":{"line":9,"column":2},"end":{"line":9,"column":54}},"2":{"start":{"line":13,"column":2},"end":{"line":13,"column":56}}},"fnMap":{"0":{"name":"goToLogin","decl":{"start":{"line":4,"column":16},"end":{"line":4,"column":25}},"loc":{"start":{"line":4,"column":28},"end":{"line":6,"column":1}},"line":4},"1":{"name":"goToScreen","decl":{"start":{"line":8,"column":16},"end":{"line":8,"column":26}},"loc":{"start":{"line":8,"column":49},"end":{"line":10,"column":1}},"line":8},"2":{"name":"goToScreenWithParams","decl":{"start":{"line":12,"column":16},"end":{"line":12,"column":36}},"loc":{"start":{"line":12,"column":72},"end":{"line":14,"column":1}},"line":12}},"branchMap":{"0":{"loc":{"start":{"line":12,"column":48},"end":{"line":12,"column":59}},"type":"default-arg","locations":[{"start":{"line":12,"column":57},"end":{"line":12,"column":59}}],"line":12}},"s":{"0":0,"1":0,"2":0},"f":{"0":0,"1":0,"2":0},"b":{"0":[0]},"_coverageSchema":"1a1c01bbd47fc00a2c39e90264f33305004495a9","hash":"c51ab9d207524e53c2c117fdf0e2336027258b35"}
,"/home/user/FirstProject/src/navigation/NavigationPath.js": {"path":"/home/user/FirstProject/src/navigation/NavigationPath.js","statementMap":{"0":{"start":{"line":1,"column":28},"end":{"line":1,"column":37}},"1":{"start":{"line":2,"column":26},"end":{"line":2,"column":33}},"2":{"start":{"line":3,"column":29},"end":{"line":3,"column":39}}},"fnMap":{},"branchMap":{},"s":{"0":1,"1":1,"2":1},"f":{},"b":{},"_coverageSchema":"1a1c01bbd47fc00a2c39e90264f33305004495a9","hash":"b4015d5d919aec9699833a23629fe7da8bc02fdc"}
,"/home/user/FirstProject/src/navigation/RootNavigation.js": {"path":"/home/user/FirstProject/src/navigation/RootNavigation.js","statementMap":{"0":{"start":{"line":6,"column":29},"end":{"line":6,"column":59}},"1":{"start":{"line":9,"column":2},"end":{"line":15,"column":3}},"2":{"start":{"line":10,"column":4},"end":{"line":14,"column":5}},"3":{"start":{"line":11,"column":6},"end":{"line":11,"column":65}},"4":{"start":{"line":13,"column":6},"end":{"line":13,"column":43}}},"fnMap":{"0":{"name":"navigate","decl":{"start":{"line":8,"column":16},"end":{"line":8,"column":24}},"loc":{"start":{"line":8,"column":58},"end":{"line":16,"column":1}},"line":8}},"branchMap":{"0":{"loc":{"start":{"line":8,"column":39},"end":{"line":8,"column":56}},"type":"default-arg","locations":[{"start":{"line":8,"column":51},"end":{"line":8,"column":56}}],"line":8},"1":{"loc":{"start":{"line":9,"column":2},"end":{"line":15,"column":3}},"type":"if","locations":[{"start":{"line":9,"column":2},"end":{"line":15,"column":3}},{"start":{},"end":{}}],"line":9},"2":{"loc":{"start":{"line":10,"column":4},"end":{"line":14,"column":5}},"type":"if","locations":[{"start":{"line":10,"column":4},"end":{"line":14,"column":5}},{"start":{"line":12,"column":11},"end":{"line":14,"column":5}}],"line":10}},"s":{"0":1,"1":0,"2":0,"3":0,"4":0},"f":{"0":0},"b":{"0":[0],"1":[0,0],"2":[0,0]},"_coverageSchema":"1a1c01bbd47fc00a2c39e90264f33305004495a9","hash":"1a4f4ac94ccda5b58ea1b20fe9e8e80191df61ab"}
,"/home/user/FirstProject/src/navigation/RootNavigator.js": {"path":"/home/user/FirstProject/src/navigation/RootNavigator.js","statementMap":{"0":{"start":{"line":14,"column":22},"end":{"line":38,"column":1}},"1":{"start":{"line":15,"column":16},"end":{"line":15,"column":44}},"2":{"start":{"line":16,"column":2},"end":{"line":37,"column":4}},"3":{"start":{"line":23,"column":14},"end":{"line":23,"column":74}},"4":{"start":{"line":23,"column":51},"end":{"line":23,"column":70}},"5":{"start":{"line":28,"column":14},"end":{"line":31,"column":16}},"6":{"start":{"line":30,"column":32},"end":{"line":30,"column":57}}},"fnMap":{"0":{"name":"(anonymous_0)","decl":{"start":{"line":14,"column":22},"end":{"line":14,"column":23}},"loc":{"start":{"line":14,"column":28},"end":{"line":38,"column":1}},"line":14},"1":{"name":"(anonymous_1)","decl":{"start":{"line":22,"column":13},"end":{"line":22,"column":14}},"loc":{"start":{"line":23,"column":14},"end":{"line":23,"column":74}},"line":23},"2":{"name":"(anonymous_2)","decl":{"start":{"line":23,"column":45},"end":{"line":23,"column":46}},"loc":{"start":{"line":23,"column":51},"end":{"line":23,"column":70}},"line":23},"3":{"name":"(anonymous_3)","decl":{"start":{"line":27,"column":13},"end":{"line":27,"column":14}},"loc":{"start":{"line":28,"column":14},"end":{"line":31,"column":16}},"line":28},"4":{"name":"(anonymous_4)","decl":{"start":{"line":30,"column":26},"end":{"line":30,"column":27}},"loc":{"start":{"line":30,"column":32},"end":{"line":30,"column":57}},"line":30}},"branchMap":{},"s":{"0":1,"1":2,"2":2,"3":0,"4":0,"5":0,"6":0},"f":{"0":2,"1":0,"2":0,"3":0,"4":0},"b":{},"_coverageSchema":"1a1c01bbd47fc00a2c39e90264f33305004495a9","hash":"23408716edae97ce8a04d91698da599d83015fed"}
,"/home/user/FirstProject/src/screens/WelcomeScreen.js": {"path":"/home/user/FirstProject/src/screens/WelcomeScreen.js","statementMap":{"0":{"start":{"line":13,"column":22},"end":{"line":30,"column":1}},"1":{"start":{"line":14,"column":2},"end":{"line":29,"column":4}},"2":{"start":{"line":24,"column":25},"end":{"line":24,"column":54}},"3":{"start":{"line":34,"column":15},"end":{"line":61,"column":2}}},"fnMap":{"0":{"name":"(anonymous_0)","decl":{"start":{"line":13,"column":22},"end":{"line":13,"column":23}},"loc":{"start":{"line":13,"column":28},"end":{"line":30,"column":1}},"line":13},"1":{"name":"(anonymous_1)","decl":{"start":{"line":24,"column":19},"end":{"line":24,"column":20}},"loc":{"start":{"line":24,"column":25},"end":{"line":24,"column":54}},"line":24}},"branchMap":{},"s":{"0":1,"1":2,"2":0,"3":1},"f":{"0":2,"1":0},"b":{},"_coverageSchema":"1a1c01bbd47fc00a2c39e90264f33305004495a9","hash":"566f17991bb58b394df1ea35bcc2791ab18302c6"}
,"/home/user/FirstProject/src/screens/login/Login.js": {"path":"/home/user/FirstProject/src/screens/login/Login.js","statementMap":{"0":{"start":{"line":8,"column":21},"end":{"line":44,"column":1}},"1":{"start":{"line":9,"column":29},"end":{"line":9,"column":38}},"2":{"start":{"line":10,"column":26},"end":{"line":13,"column":4}},"3":{"start":{"line":15,"column":25},"end":{"line":20,"column":3}},"4":{"start":{"line":16,"column":4},"end":{"line":19,"column":7}},"5":{"start":{"line":22,"column":25},"end":{"line":27,"column":3}},"6":{"start":{"line":23,"column":4},"end":{"line":26,"column":7}},"7":{"start":{"line":29,"column":23},"end":{"line":36,"column":3}},"8":{"start":{"line":30,"column":4},"end":{"line":35,"column":5}},"9":{"start":{"line":31,"column":23},"end":{"line":31,"column":75}},"10":{"start":{"line":32,"column":6},"end":{"line":32,"column":38}},"11":{"start":{"line":34,"column":6},"end":{"line":34,"column":25}},"12":{"start":{"line":38,"column":2},"end":{"line":43,"column":4}}},"fnMap":{"0":{"name":"(anonymous_0)","decl":{"start":{"line":8,"column":21},"end":{"line":8,"column":22}},"loc":{"start":{"line":8,"column":32},"end":{"line":44,"column":1}},"line":8},"1":{"name":"(anonymous_1)","decl":{"start":{"line":15,"column":25},"end":{"line":15,"column":26}},"loc":{"start":{"line":15,"column":30},"end":{"line":20,"column":3}},"line":15},"2":{"name":"(anonymous_2)","decl":{"start":{"line":22,"column":25},"end":{"line":22,"column":26}},"loc":{"start":{"line":22,"column":30},"end":{"line":27,"column":3}},"line":22},"3":{"name":"(anonymous_3)","decl":{"start":{"line":29,"column":23},"end":{"line":29,"column":24}},"loc":{"start":{"line":29,"column":35},"end":{"line":36,"column":3}},"line":29}},"branchMap":{},"s":{"0":1,"1":0,"2":0,"3":0,"4":0,"5":0,"6":0,"7":0,"8":0,"9":0,"10":0,"11":0,"12":0},"f":{"0":0,"1":0,"2":0,"3":0},"b":{},"_coverageSchema":"1a1c01bbd47fc00a2c39e90264f33305004495a9","hash":"ac38ba619438a9c05673a440b92eb5b73e941b44"}
,"/home/user/FirstProject/src/screens/login/LoginScreen.js": {"path":"/home/user/FirstProject/src/screens/login/LoginScreen.js","statementMap":{"0":{"start":{"line":12,"column":20},"end":{"line":36,"column":1}},"1":{"start":{"line":13,"column":57},"end":{"line":13,"column":64}},"2":{"start":{"line":15,"column":2},"end":{"line":35,"column":4}},"3":{"start":{"line":29,"column":27},"end":{"line":29,"column":41}},"4":{"start":{"line":38,"column":15},"end":{"line":76,"column":2}}},"fnMap":{"0":{"name":"(anonymous_0)","decl":{"start":{"line":12,"column":20},"end":{"line":12,"column":21}},"loc":{"start":{"line":12,"column":33},"end":{"line":36,"column":1}},"line":12},"1":{"name":"(anonymous_1)","decl":{"start":{"line":29,"column":21},"end":{"line":29,"column":22}},"loc":{"start":{"line":29,"column":27},"end":{"line":29,"column":41}},"line":29}},"branchMap":{},"s":{"0":1,"1":0,"2":0,"3":0,"4":1},"f":{"0":0,"1":0},"b":{},"_coverageSchema":"1a1c01bbd47fc00a2c39e90264f33305004495a9","hash":"64c19d8e67ac5ac8276a354e9ed8d314d8c6bdb7"}
,"/home/user/FirstProject/src/screens/material/Material.js": {"path":"/home/user/FirstProject/src/screens/material/Material.js","statementMap":{"0":{"start":{"line":5,"column":24},"end":{"line":23,"column":1}},"1":{"start":{"line":6,"column":32},"end":{"line":6,"column":41}},"2":{"start":{"line":7,"column":26},"end":{"line":7,"column":38}},"3":{"start":{"line":9,"column":22},"end":{"line":17,"column":3}},"4":{"start":{"line":10,"column":4},"end":{"line":16,"column":5}},"5":{"start":{"line":11,"column":23},"end":{"line":11,"column":50}},"6":{"start":{"line":12,"column":6},"end":{"line":12,"column":29}},"7":{"start":{"line":15,"column":6},"end":{"line":15,"column":25}},"8":{"start":{"line":19,"column":2},"end":{"line":22,"column":4}}},"fnMap":{"0":{"name":"(anonymous_0)","decl":{"start":{"line":5,"column":24},"end":{"line":5,"column":25}},"loc":{"start":{"line":5,"column":35},"end":{"line":23,"column":1}},"line":5},"1":{"name":"(anonymous_1)","decl":{"start":{"line":9,"column":22},"end":{"line":9,"column":23}},"loc":{"start":{"line":9,"column":34},"end":{"line":17,"column":3}},"line":9}},"branchMap":{},"s":{"0":1,"1":0,"2":0,"3":0,"4":0,"5":0,"6":0,"7":0,"8":0},"f":{"0":0,"1":0},"b":{},"_coverageSchema":"1a1c01bbd47fc00a2c39e90264f33305004495a9","hash":"b6078ad313de7e96852288d999fffcfb171fb44a"}
,"/home/user/FirstProject/src/screens/material/MaterialScreen.js": {"path":"/home/user/FirstProject/src/screens/material/MaterialScreen.js","statementMap":{"0":{"start":{"line":14,"column":25},"end":{"line":63,"column":1}},"1":{"start":{"line":65,"column":26},"end":{"line":93,"column":1}},"2":{"start":{"line":66,"column":2},"end":{"line":92,"column":10}},"3":{"start":{"line":71,"column":6},"end":{"line":71,"column":29}},"4":{"start":{"line":85,"column":14},"end":{"line":85,"column":37}},"5":{"start":{"line":95,"column":21},"end":{"line":108,"column":1}},"6":{"start":{"line":96,"column":22},"end":{"line":99,"column":3}},"7":{"start":{"line":97,"column":4},"end":{"line":97,"column":25}},"8":{"start":{"line":98,"column":4},"end":{"line":98,"column":28}},"9":{"start":{"line":101,"column":2},"end":{"line":107,"column":4}},"10":{"start":{"line":110,"column":23},"end":{"line":150,"column":1}},"11":{"start":{"line":111,"column":30},"end":{"line":111,"column":40}},"12":{"start":{"line":112,"column":42},"end":{"line":112,"column":57}},"13":{"start":{"line":113,"column":36},"end":{"line":113,"column":48}},"14":{"start":{"line":115,"column":21},"end":{"line":121,"column":3}},"15":{"start":{"line":116,"column":4},"end":{"line":120,"column":6}},"16":{"start":{"line":123,"column":2},"end":{"line":125,"column":9}},"17":{"start":{"line":124,"column":4},"end":{"line":124,"column":18}},"18":{"start":{"line":128,"column":2},"end":{"line":149,"column":4}},"19":{"start":{"line":134,"column":25},"end":{"line":134,"column":55}},"20":{"start":{"line":146,"column":30},"end":{"line":146,"column":37}},"21":{"start":{"line":152,"column":25},"end":{"line":152,"column":71}},"22":{"start":{"line":152,"column":39},"end":{"line":152,"column":71}},"23":{"start":{"line":154,"column":15},"end":{"line":210,"column":2}}},"fnMap":{"0":{"name":"(anonymous_0)","decl":{"start":{"line":65,"column":26},"end":{"line":65,"column":27}},"loc":{"start":{"line":66,"column":2},"end":{"line":92,"column":10}},"line":66},"1":{"name":"(anonymous_1)","decl":{"start":{"line":70,"column":20},"end":{"line":70,"column":21}},"loc":{"start":{"line":70,"column":26},"end":{"line":72,"column":5}},"line":70},"2":{"name":"(anonymous_2)","decl":{"start":{"line":84,"column":21},"end":{"line":84,"column":22}},"loc":{"start":{"line":84,"column":27},"end":{"line":86,"column":13}},"line":84},"3":{"name":"(anonymous_3)","decl":{"start":{"line":95,"column":21},"end":{"line":95,"column":22}},"loc":{"start":{"line":95,"column":75},"end":{"line":108,"column":1}},"line":95},"4":{"name":"(anonymous_4)","decl":{"start":{"line":96,"column":22},"end":{"line":96,"column":23}},"loc":{"start":{"line":96,"column":28},"end":{"line":99,"column":3}},"line":96},"5":{"name":"(anonymous_5)","decl":{"start":{"line":110,"column":23},"end":{"line":110,"column":24}},"loc":{"start":{"line":110,"column":39},"end":{"line":150,"column":1}},"line":110},"6":{"name":"(anonymous_6)","decl":{"start":{"line":115,"column":21},"end":{"line":115,"column":22}},"loc":{"start":{"line":116,"column":4},"end":{"line":120,"column":6}},"line":116},"7":{"name":"(anonymous_7)","decl":{"start":{"line":123,"column":12},"end":{"line":123,"column":13}},"loc":{"start":{"line":123,"column":18},"end":{"line":125,"column":3}},"line":123},"8":{"name":"(anonymous_8)","decl":{"start":{"line":134,"column":19},"end":{"line":134,"column":20}},"loc":{"start":{"line":134,"column":25},"end":{"line":134,"column":55}},"line":134},"9":{"name":"(anonymous_9)","decl":{"start":{"line":146,"column":22},"end":{"line":146,"column":23}},"loc":{"start":{"line":146,"column":30},"end":{"line":146,"column":37}},"line":146},"10":{"name":"(anonymous_10)","decl":{"start":{"line":152,"column":25},"end":{"line":152,"column":26}},"loc":{"start":{"line":152,"column":39},"end":{"line":152,"column":71}},"line":152}},"branchMap":{},"s":{"0":1,"1":1,"2":0,"3":0,"4":0,"5":1,"6":0,"7":0,"8":0,"9":0,"10":1,"11":0,"12":0,"13":0,"14":0,"15":0,"16":0,"17":0,"18":0,"19":0,"20":0,"21":1,"22":0,"23":1},"f":{"0":0,"1":0,"2":0,"3":0,"4":0,"5":0,"6":0,"7":0,"8":0,"9":0,"10":0},"b":{},"_coverageSchema":"1a1c01bbd47fc00a2c39e90264f33305004495a9","hash":"ec1cfe1b434d5d02c6602d047e5ddf2304b6cfc3"}
,"/home/user/FirstProject/src/services/ApiClient.js": {"path":"/home/user/FirstProject/src/services/ApiClient.js","statementMap":{"0":{"start":{"line":5,"column":15},"end":{"line":7,"column":2}},"1":{"start":{"line":9,"column":0},"end":{"line":19,"column":2}},"2":{"start":{"line":11,"column":4},"end":{"line":11,"column":20}},"3":{"start":{"line":14,"column":4},"end":{"line":16,"column":5}},"4":{"start":{"line":15,"column":6},"end":{"line":15,"column":18}},"5":{"start":{"line":17,"column":4},"end":{"line":17,"column":32}},"6":{"start":{"line":21,"column":22},"end":{"line":47,"column":1}},"7":{"start":{"line":22,"column":15},"end":{"line":35,"column":3}},"8":{"start":{"line":23,"column":4},"end":{"line":34,"column":5}},"9":{"start":{"line":24,"column":19},"end":{"line":24,"column":49}},"10":{"start":{"line":25,"column":6},"end":{"line":25,"column":25}},"11":{"start":{"line":27,"column":6},"end":{"line":33,"column":7}},"12":{"start":{"line":28,"column":8},"end":{"line":30,"column":9}},"13":{"start":{"line":29,"column":10},"end":{"line":29,"column":38}},"14":{"start":{"line":32,"column":8},"end":{"line":32,"column":29}},"15":{"start":{"line":37,"column":14},"end":{"line":44,"column":3}},"16":{"start":{"line":38,"column":4},"end":{"line":43,"column":5}},"17":{"start":{"line":39,"column":21},"end":{"line":39,"column":42}},"18":{"start":{"line":40,"column":6},"end":{"line":40,"column":25}},"19":{"start":{"line":42,"column":6},"end":{"line":42,"column":43}},"20":{"start":{"line":46,"column":2},"end":{"line":46,"column":21}}},"fnMap":{"0":{"name":"(anonymous_0)","decl":{"start":{"line":10,"column":2},"end":{"line":10,"column":3}},"loc":{"start":{"line":10,"column":14},"end":{"line":12,"column":3}},"line":10},"1":{"name":"(anonymous_1)","decl":{"start":{"line":13,"column":2},"end":{"line":13,"column":3}},"loc":{"start":{"line":13,"column":11},"end":{"line":18,"column":3}},"line":13},"2":{"name":"(anonymous_2)","decl":{"start":{"line":21,"column":22},"end":{"line":21,"column":23}},"loc":{"start":{"line":21,"column":28},"end":{"line":47,"column":1}},"line":21},"3":{"name":"(anonymous_3)","decl":{"start":{"line":22,"column":15},"end":{"line":22,"column":16}},"loc":{"start":{"line":22,"column":38},"end":{"line":35,"column":3}},"line":22},"4":{"name":"(anonymous_4)","decl":{"start":{"line":37,"column":14},"end":{"line":37,"column":15}},"loc":{"start":{"line":37,"column":27},"end":{"line":44,"column":3}},"line":37}},"branchMap":{"0":{"loc":{"start":{"line":14,"column":4},"end":{"line":16,"column":5}},"type":"if","locations":[{"start":{"line":14,"column":4},"end":{"line":16,"column":5}},{"start":{},"end":{}}],"line":14},"1":{"loc":{"start":{"line":27,"column":6},"end":{"line":33,"column":7}},"type":"if","locations":[{"start":{"line":27,"column":6},"end":{"line":33,"column":7}},{"start":{"line":31,"column":13},"end":{"line":33,"column":7}}],"line":27},"2":{"loc":{"start":{"line":28,"column":8},"end":{"line":30,"column":9}},"type":"if","locations":[{"start":{"line":28,"column":8},"end":{"line":30,"column":9}},{"start":{},"end":{}}],"line":28}},"s":{"0":1,"1":1,"2":0,"3":0,"4":0,"5":0,"6":1,"7":0,"8":0,"9":0,"10":0,"11":0,"12":0,"13":0,"14":0,"15":0,"16":0,"17":0,"18":0,"19":0,"20":0},"f":{"0":0,"1":0,"2":0,"3":0,"4":0},"b":{"0":[0,0],"1":[0,0],"2":[0,0]},"_coverageSchema":"1a1c01bbd47fc00a2c39e90264f33305004495a9","hash":"92f606bf140bd10be18246d9cf33cc270e4a4036"}
,"/home/user/FirstProject/src/services/LoginService.js": {"path":"/home/user/FirstProject/src/services/LoginService.js","statementMap":{"0":{"start":{"line":3,"column":21},"end":{"line":21,"column":1}},"1":{"start":{"line":4,"column":17},"end":{"line":4,"column":32}},"2":{"start":{"line":6,"column":27},"end":{"line":17,"column":3}},"3":{"start":{"line":7,"column":4},"end":{"line":16,"column":5}},"4":{"start":{"line":8,"column":17},"end":{"line":11,"column":8}},"5":{"start":{"line":12,"column":6},"end":{"line":12,"column":18}},"6":{"start":{"line":14,"column":6},"end":{"line":14,"column":47}},"7":{"start":{"line":15,"column":6},"end":{"line":15,"column":18}},"8":{"start":{"line":18,"column":2},"end":{"line":20,"column":4}}},"fnMap":{"0":{"name":"(anonymous_0)","decl":{"start":{"line":3,"column":21},"end":{"line":3,"column":22}},"loc":{"start":{"line":3,"column":27},"end":{"line":21,"column":1}},"line":3},"1":{"name":"(anonymous_1)","decl":{"start":{"line":6,"column":27},"end":{"line":6,"column":28}},"loc":{"start":{"line":6,"column":57},"end":{"line":17,"column":3}},"line":6}},"branchMap":{},"s":{"0":1,"1":0,"2":0,"3":0,"4":0,"5":0,"6":0,"7":0,"8":0},"f":{"0":0,"1":0},"b":{},"_coverageSchema":"1a1c01bbd47fc00a2c39e90264f33305004495a9","hash":"99c1c645e3724d17cbe14abc6a3e68dfe699199f"}
,"/home/user/FirstProject/src/services/MaterialService.js": {"path":"/home/user/FirstProject/src/services/MaterialService.js","statementMap":{"0":{"start":{"line":3,"column":24},"end":{"line":19,"column":1}},"1":{"start":{"line":4,"column":16},"end":{"line":4,"column":31}},"2":{"start":{"line":6,"column":30},"end":{"line":15,"column":3}},"3":{"start":{"line":7,"column":4},"end":{"line":14,"column":5}},"4":{"start":{"line":8,"column":17},"end":{"line":8,"column":39}},"5":{"start":{"line":10,"column":6},"end":{"line":10,"column":18}},"6":{"start":{"line":12,"column":6},"end":{"line":12,"column":50}},"7":{"start":{"line":13,"column":6},"end":{"line":13,"column":18}},"8":{"start":{"line":16,"column":2},"end":{"line":18,"column":4}}},"fnMap":{"0":{"name":"(anonymous_0)","decl":{"start":{"line":3,"column":24},"end":{"line":3,"column":25}},"loc":{"start":{"line":3,"column":30},"end":{"line":19,"column":1}},"line":3},"1":{"name":"(anonymous_1)","decl":{"start":{"line":6,"column":30},"end":{"line":6,"column":31}},"loc":{"start":{"line":6,"column":42},"end":{"line":15,"column":3}},"line":6}},"branchMap":{},"s":{"0":1,"1":0,"2":0,"3":0,"4":0,"5":0,"6":0,"7":0,"8":0},"f":{"0":0,"1":0},"b":{},"_coverageSchema":"1a1c01bbd47fc00a2c39e90264f33305004495a9","hash":"8534d460238b1557a0b988dfcd78d24fbf3e32fb"}
}
