{"/home/user/FirstProject/App.js": {"path":"/home/user/FirstProject/App.js","statementMap":{"0":{"start":{"line":12,"column":12},"end":{"line":14,"column":1}},"1":{"start":{"line":13,"column":2},"end":{"line":13,"column":27}}},"fnMap":{"0":{"name":"(anonymous_0)","decl":{"start":{"line":12,"column":12},"end":{"line":12,"column":13}},"loc":{"start":{"line":12,"column":18},"end":{"line":14,"column":1}},"line":12}},"branchMap":{},"s":{"0":1,"1":1},"f":{"0":1},"b":{},"_coverageSchema":"1a1c01bbd47fc00a2c39e90264f33305004495a9","hash":"4c596d8b387f113a21a31696e6188d11eb1dee09"}
,"/home/user/FirstProject/src/assets/images/index.js": {"path":"/home/user/FirstProject/src/assets/images/index.js","statementMap":{},"fnMap":{},"branchMap":{},"s":{},"f":{},"b":{},"_coverageSchema":"1a1c01bbd47fc00a2c39e90264f33305004495a9","hash":"10243328d4445673a827652f87013f2af0263ce4"}
,"/home/user/FirstProject/src/components/Heading.js": {"path":"/home/user/FirstProject/src/components/Heading.js","statementMap":{"0":{"start":{"line":4,"column":16},"end":{"line":8,"column":1}},"1":{"start":{"line":5,"column":2},"end":{"line":7,"column":9}},"2":{"start":{"line":10,"column":15},"end":{"line":20,"column":2}}},"fnMap":{"0":{"name":"(anonymous_0)","decl":{"start":{"line":4,"column":16},"end":{"line":4,"column":17}},"loc":{"start":{"line":5,"column":2},"end":{"line":7,"column":9}},"line":5}},"branchMap":{},"s":{"0":2,"1":5,"2":2},"f":{"0":5},"b":{},"_coverageSchema":"1a1c01bbd47fc00a2c39e90264f33305004495a9","hash":"7f5d0370537b137aad7897058903b9f21d3c55ca"}
,"/home/user/FirstProject/src/components/Input.js": {"path":"/home/user/FirstProject/src/components/Input.js","statementMap":{"0":{"start":{"line":4,"column":14},"end":{"line":27,"column":1}},"1":{"start":{"line":10,"column":23},"end":{"line":12,"column":3}},"2":{"start":{"line":11,"column":4},"end":{"line":11,"column":24}},"3":{"start":{"line":13,"column":2},"end":{"line":26,"column":4}},"4":{"start":{"line":28,"column":15},"end":{"line":48,"column":2}}},"fnMap":{"0":{"name":"(anonymous_0)","decl":{"start":{"line":4,"column":14},"end":{"line":4,"column":15}},"loc":{"start":{"line":9,"column":6},"end":{"line":27,"column":1}},"line":9},"1":{"name":"(anonymous_1)","decl":{"start":{"line":10,"column":23},"end":{"line":10,"column":24}},"loc":{"start":{"line":10,"column":31},"end":{"line":12,"column":3}},"line":10}},"branchMap":{"0":{"loc":{"start":{"line":5,"column":2},"end":{"line":5,"column":18}},"type":"default-arg","locations":[{"start":{"line":5,"column":16},"end":{"line":5,"column":18}}],"line":5},"1":{"loc":{"start":{"line":6,"column":2},"end":{"line":6,"column":22}},"type":"default-arg","locations":[{"start":{"line":6,"column":17},"end":{"line":6,"column":22}}],"line":6},"2":{"loc":{"start":{"line":7,"column":2},"end":{"line":7,"column":19}},"type":"default-arg","locations":[{"start":{"line":7,"column":17},"end":{"line":7,"column":19}}],"line":7}},"s":{"0":2,"1":10,"2":2,"3":10,"4":2},"f":{"0":10,"1":2},"b":{"0":[0],"1":[5],"2":[0]},"_coverageSchema":"1a1c01bbd47fc00a2c39e90264f33305004495a9","hash":"36c316d3cd0e45983cff0b486c50eb0ad248286a"}
,"/home/user/FirstProject/src/components/PopupMenu.js": {"path":"/home/user/FirstProject/src/components/PopupMenu.js","statementMap":{"0":{"start":{"line":16,"column":18},"end":{"line":63,"column":1}},"1":{"start":{"line":17,"column":19},"end":{"line":17,"column":32}},"2":{"start":{"line":18,"column":21},"end":{"line":18,"column":72}},"3":{"start":{"line":18,"column":42},"end":{"line":18,"column":71}},"4":{"start":{"line":19,"column":42},"end":{"line":19,"column":57}},"5":{"start":{"line":21,"column":2},"end":{"line":25,"column":5}},"6":{"start":{"line":22,"column":4},"end":{"line":24,"column":5}},"7":{"start":{"line":23,"column":6},"end":{"line":23,"column":37}},"8":{"start":{"line":27,"column":2},"end":{"line":62,"column":4}},"9":{"start":{"line":31,"column":23},"end":{"line":31,"column":53}},"10":{"start":{"line":39,"column":10},"end":{"line":39,"column":41}},"11":{"start":{"line":45,"column":12},"end":{"line":45,"column":35}},"12":{"start":{"line":52,"column":20},"end":{"line":52,"column":39}},"13":{"start":{"line":65,"column":15},"end":{"line":90,"column":2}}},"fnMap":{"0":{"name":"(anonymous_0)","decl":{"start":{"line":16,"column":18},"end":{"line":16,"column":19}},"loc":{"start":{"line":16,"column":36},"end":{"line":63,"column":1}},"line":16},"1":{"name":"(anonymous_1)","decl":{"start":{"line":18,"column":33},"end":{"line":18,"column":34}},"loc":{"start":{"line":18,"column":42},"end":{"line":18,"column":71}},"line":18},"2":{"name":"(anonymous_2)","decl":{"start":{"line":21,"column":12},"end":{"line":21,"column":13}},"loc":{"start":{"line":21,"column":18},"end":{"line":25,"column":3}},"line":21},"3":{"name":"(anonymous_3)","decl":{"start":{"line":31,"column":17},"end":{"line":31,"column":18}},"loc":{"start":{"line":31,"column":23},"end":{"line":31,"column":53}},"line":31},"4":{"name":"(anonymous_4)","decl":{"start":{"line":38,"column":24},"end":{"line":38,"column":25}},"loc":{"start":{"line":38,"column":30},"end":{"line":40,"column":9}},"line":38},"5":{"name":"(anonymous_5)","decl":{"start":{"line":44,"column":22},"end":{"line":44,"column":23}},"loc":{"start":{"line":44,"column":28},"end":{"line":46,"column":11}},"line":44},"6":{"name":"(anonymous_6)","decl":{"start":{"line":51,"column":27},"end":{"line":51,"column":28}},"loc":{"start":{"line":51,"column":33},"end":{"line":53,"column":19}},"line":51}},"branchMap":{"0":{"loc":{"start":{"line":22,"column":4},"end":{"line":24,"column":5}},"type":"if","locations":[{"start":{"line":22,"column":4},"end":{"line":24,"column":5}},{"start":{},"end":{}}],"line":22}},"s":{"0":1,"1":0,"2":0,"3":0,"4":0,"5":0,"6":0,"7":0,"8":0,"9":0,"10":0,"11":0,"12":0,"13":1},"f":{"0":0,"1":0,"2":0,"3":0,"4":0,"5":0,"6":0},"b":{"0":[0,0]},"_coverageSchema":"1a1c01bbd47fc00a2c39e90264f33305004495a9","hash":"cbe424203d2fb5649106bcea078fd9ecfe28fd17"}
,"/home/user/FirstProject/src/components/SubmitButton.js": {"path":"/home/user/FirstProject/src/components/SubmitButton.js","statementMap":{"0":{"start":{"line":11,"column":21},"end":{"line":23,"column":1}},"1":{"start":{"line":12,"column":2},"end":{"line":22,"column":9}},"2":{"start":{"line":17,"column":8},"end":{"line":17,"column":27}},"3":{"start":{"line":18,"column":8},"end":{"line":18,"column":19}},"4":{"start":{"line":24,"column":15},"end":{"line":45,"column":2}}},"fnMap":{"0":{"name":"(anonymous_0)","decl":{"start":{"line":11,"column":21},"end":{"line":11,"column":22}},"loc":{"start":{"line":12,"column":2},"end":{"line":22,"column":9}},"line":12},"1":{"name":"(anonymous_1)","decl":{"start":{"line":16,"column":15},"end":{"line":16,"column":16}},"loc":{"start":{"line":16,"column":21},"end":{"line":19,"column":7}},"line":16}},"branchMap":{"0":{"loc":{"start":{"line":11,"column":23},"end":{"line":11,"column":50}},"type":"default-arg","locations":[{"start":{"line":11,"column":31},"end":{"line":11,"column":50}}],"line":11}},"s":{"0":2,"1":5,"2":1,"3":1,"4":2},"f":{"0":5,"1":1},"b":{"0":[0]},"_coverageSchema":"1a1c01bbd47fc00a2c39e90264f33305004495a9","hash":"85e5ae881e1d27a60e9522527e2319c83e31863b"}
,"/home/user/FirstProject/src/components/TabBarItem.js": {"path":"/home/user/FirstProject/src/components/TabBarItem.js","statementMap":{"0":{"start":{"line":6,"column":19},"end":{"line":28,"column":1}},"1":{"start":{"line":7,"column":19},"end":{"line":7,"column":32}},"2":{"start":{"line":8,"column":19},"end":{"line":8,"column":63}},"3":{"start":{"line":8,"column":40},"end":{"line":8,"column":62}},"4":{"start":{"line":10,"column":20},"end":{"line":12,"column":3}},"5":{"start":{"line":11,"column":4},"end":{"line":11,"column":32}},"6":{"start":{"line":13,"column":2},"end":{"line":27,"column":4}},"7":{"start":{"line":29,"column":15},"end":{"line":49,"column":2}}},"fnMap":{"0":{"name":"(anonymous_0)","decl":{"start":{"line":6,"column":19},"end":{"line":6,"column":20}},"loc":{"start":{"line":6,"column":50},"end":{"line":28,"column":1}},"line":6},"1":{"name":"(anonymous_1)","decl":{"start":{"line":8,"column":31},"end":{"line":8,"column":32}},"loc":{"start":{"line":8,"column":40},"end":{"line":8,"column":62}},"line":8},"2":{"name":"(anonymous_2)","decl":{"start":{"line":10,"column":20},"end":{"line":10,"column":21}},"loc":{"start":{"line":10,"column":26},"end":{"line":12,"column":3}},"line":10}},"branchMap":{"0":{"loc":{"start":{"line":19,"column":8},"end":{"line":19,"column":41}},"type":"cond-expr","locations":[{"start":{"line":19,"column":19},"end":{"line":19,"column":34}},{"start":{"line":19,"column":37},"end":{"line":19,"column":41}}],"line":19},"1":{"loc":{"start":{"line":20,"column":8},"end":{"line":20,"column":37}},"type":"cond-expr","locations":[{"start":{"line":20,"column":17},"end":{"line":20,"column":30}},{"start":{"line":20,"column":33},"end":{"line":20,"column":37}}],"line":20},"2":{"loc":{"start":{"line":21,"column":8},"end":{"line":21,"column":51}},"type":"cond-expr","locations":[{"start":{"line":21,"column":29},"end":{"line":21,"column":44}},{"start":{"line":21,"column":47},"end":{"line":21,"column":51}}],"line":21},"3":{"loc":{"start":{"line":23,"column":37},"end":{"line":23,"column":76}},"type":"cond-expr","locations":[{"start":{"line":23,"column":58},"end":{"line":23,"column":69}},{"start":{"line":23,"column":72},"end":{"line":23,"column":76}}],"line":23}},"s":{"0":1,"1":0,"2":0,"3":0,"4":0,"5":0,"6":0,"7":1},"f":{"0":0,"1":0,"2":0},"b":{"0":[0,0],"1":[0,0],"2":[0,0],"3":[0,0]},"_coverageSchema":"1a1c01bbd47fc00a2c39e90264f33305004495a9","hash":"f560d6b8c3fe3acd4e74455803f5e11ec7cfd186"}
,"/home/user/FirstProject/src/components/ToDoButton.js": {"path":"/home/user/FirstProject/src/components/ToDoButton.js","statementMap":{"0":{"start":{"line":5,"column":19},"end":{"line":18,"column":1}},"1":{"start":{"line":6,"column":2},"end":{"line":17,"column":23}},"2":{"start":{"line":19,"column":15},"end":{"line":40,"column":2}}},"fnMap":{"0":{"name":"(anonymous_0)","decl":{"start":{"line":5,"column":19},"end":{"line":5,"column":20}},"loc":{"start":{"line":6,"column":2},"end":{"line":17,"column":23}},"line":6}},"branchMap":{"0":{"loc":{"start":{"line":11,"column":12},"end":{"line":11,"column":58}},"type":"cond-expr","locations":[{"start":{"line":11,"column":32},"end":{"line":11,"column":41}},{"start":{"line":11,"column":44},"end":{"line":11,"column":58}}],"line":11},"1":{"loc":{"start":{"line":13,"column":8},"end":{"line":13,"column":77}},"type":"cond-expr","locations":[{"start":{"line":13,"column":28},"end":{"line":13,"column":53}},{"start":{"line":13,"column":56},"end":{"line":13,"column":77}}],"line":13}},"s":{"0":1,"1":0,"2":1},"f":{"0":0},"b":{"0":[0,0],"1":[0,0]},"_coverageSchema":"1a1c01bbd47fc00a2c39e90264f33305004495a9","hash":"f6c40a816d623cd96f425c8ce0966068cdda8ccc"}
,"/home/user/FirstProject/src/containers/MessageBox.js": {"path":"/home/user/FirstProject/src/containers/MessageBox.js","statementMap":{"0":{"start":{"line":3,"column":26},"end":{"line":16,"column":1}},"1":{"start":{"line":4,"column":22},"end":{"line":12,"column":5}},"2":{"start":{"line":5,"column":8},"end":{"line":11,"column":10}},"3":{"start":{"line":9,"column":44},"end":{"line":9,"column":56}},"4":{"start":{"line":13,"column":4},"end":{"line":15,"column":5}}},"fnMap":{"0":{"name":"(anonymous_0)","decl":{"start":{"line":3,"column":26},"end":{"line":3,"column":27}},"loc":{"start":{"line":3,"column":58},"end":{"line":16,"column":1}},"line":3},"1":{"name":"(anonymous_1)","decl":{"start":{"line":4,"column":22},"end":{"line":4,"column":23}},"loc":{"start":{"line":4,"column":28},"end":{"line":12,"column":5}},"line":4},"2":{"name":"(anonymous_2)","decl":{"start":{"line":9,"column":38},"end":{"line":9,"column":39}},"loc":{"start":{"line":9,"column":44},"end":{"line":9,"column":56}},"line":9}},"branchMap":{},"s":{"0":2,"1":1,"2":1,"3":0,"4":1},"f":{"0":1,"1":1,"2":0},"b":{},"_coverageSchema":"1a1c01bbd47fc00a2c39e90264f33305004495a9","hash":"487ae0ca9cb18998595113777f2ad4aa4238d350"}
,"/home/user/FirstProject/src/containers/TabBar.js": {"path":"/home/user/FirstProject/src/containers/TabBar.js","statementMap":{"0":{"start":{"line":5,"column":15},"end":{"line":11,"column":1}},"1":{"start":{"line":6,"column":2},"end":{"line":10,"column":9}},"2":{"start":{"line":12,"column":15},"end":{"line":19,"column":2}}},"fnMap":{"0":{"name":"(anonymous_0)","decl":{"start":{"line":5,"column":15},"end":{"line":5,"column":16}},"loc":{"start":{"line":6,"column":2},"end":{"line":10,"column":9}},"line":6}},"branchMap":{},"s":{"0":1,"1":0,"2":1},"f":{"0":0},"b":{},"_coverageSchema":"1a1c01bbd47fc00a2c39e90264f33305004495a9","hash":"f4e31aae775c7a78f29fc1232bf4713daf36a321"}
,"/home/user/FirstProject/src/containers/ToDo.js": {"path":"/home/user/FirstProject/src/containers/ToDo.js","statementMap":{"0":{"start":{"line":7,"column":13},"end":{"line":32,"column":1}},"1":{"start":{"line":8,"column":21},"end":{"line":8,"column":34}},"2":{"start":{"line":10,"column":27},"end":{"line":12,"column":5}},"3":{"start":{"line":11,"column":8},"end":{"line":11,"column":37}},"4":{"start":{"line":14,"column":25},"end":{"line":16,"column":5}},"5":{"start":{"line":15,"column":8},"end":{"line":15,"column":33}},"6":{"start":{"line":17,"column":4},"end":{"line":31,"column":5}},"7":{"start":{"line":25,"column":31},"end":{"line":25,"column":61}},"8":{"start":{"line":28,"column":31},"end":{"line":28,"column":59}},"9":{"start":{"line":33,"column":15},"end":{"line":65,"column":2}}},"fnMap":{"0":{"name":"(anonymous_0)","decl":{"start":{"line":7,"column":13},"end":{"line":7,"column":14}},"loc":{"start":{"line":7,"column":25},"end":{"line":32,"column":1}},"line":7},"1":{"name":"(anonymous_1)","decl":{"start":{"line":10,"column":27},"end":{"line":10,"column":28}},"loc":{"start":{"line":10,"column":36},"end":{"line":12,"column":5}},"line":10},"2":{"name":"(anonymous_2)","decl":{"start":{"line":14,"column":25},"end":{"line":14,"column":26}},"loc":{"start":{"line":14,"column":34},"end":{"line":16,"column":5}},"line":14},"3":{"name":"(anonymous_3)","decl":{"start":{"line":25,"column":25},"end":{"line":25,"column":26}},"loc":{"start":{"line":25,"column":31},"end":{"line":25,"column":61}},"line":25},"4":{"name":"(anonymous_4)","decl":{"start":{"line":28,"column":25},"end":{"line":28,"column":26}},"loc":{"start":{"line":28,"column":31},"end":{"line":28,"column":59}},"line":28}},"branchMap":{"0":{"loc":{"start":{"line":19,"column":39},"end":{"line":19,"column":85}},"type":"cond-expr","locations":[{"start":{"line":19,"column":55},"end":{"line":19,"column":78}},{"start":{"line":19,"column":81},"end":{"line":19,"column":85}}],"line":19}},"s":{"0":1,"1":0,"2":0,"3":0,"4":0,"5":0,"6":0,"7":0,"8":0,"9":1},"f":{"0":0,"1":0,"2":0,"3":0,"4":0},"b":{"0":[0,0]},"_coverageSchema":"1a1c01bbd47fc00a2c39e90264f33305004495a9","hash":"cf0b491d247eec3f7df8d31462395fb8adf8c740"}
,"/home/user/FirstProject/src/containers/ToDoList.js": {"path":"/home/user/FirstProject/src/containers/ToDoList.js","statementMap":{"0":{"start":{"line":5,"column":17},"end":{"line":21,"column":1}},"1":{"start":{"line":7,"column":20},"end":{"line":11,"column":5}},"2":{"start":{"line":8,"column":8},"end":{"line":10,"column":9}},"3":{"start":{"line":12,"column":4},"end":{"line":20,"column":5}},"4":{"start":{"line":17,"column":34},"end":{"line":17,"column":48}}},"fnMap":{"0":{"name":"(anonymous_0)","decl":{"start":{"line":5,"column":17},"end":{"line":5,"column":18}},"loc":{"start":{"line":5,"column":30},"end":{"line":21,"column":1}},"line":5},"1":{"name":"(anonymous_1)","decl":{"start":{"line":7,"column":20},"end":{"line":7,"column":21}},"loc":{"start":{"line":7,"column":32},"end":{"line":11,"column":5}},"line":7},"2":{"name":"(anonymous_2)","decl":{"start":{"line":17,"column":26},"end":{"line":17,"column":27}},"loc":{"start":{"line":17,"column":34},"end":{"line":17,"column":48}},"line":17}},"branchMap":{},"s":{"0":1,"1":0,"2":0,"3":0,"4":0},"f":{"0":0,"1":0,"2":0},"b":{},"_coverageSchema":"1a1c01bbd47fc00a2c39e90264f33305004495a9","hash":"196e05f3330cc47de27043ee5923e6ef9eaf0ffd"}
,"/home/user/FirstProject/src/navigation/NavigationHelper.js": {"path":"/home/user/FirstProject/src/navigation/NavigationHelper.js","statementMap":{"0":{"start":{"line":5,"column":4},"end":{"line":5,"column":52}},"1":{"start":{"line":9,"column":4},"end":{"line":9,"column":58}},"2":{"start":{"line":13,"column":4},"end":{"line":13,"column":56}}},"fnMap":{"0":{"name":"goToLogin","decl":{"start":{"line":4,"column":16},"end":{"line":4,"column":25}},"loc":{"start":{"line":4,"column":28},"end":{"line":6,"column":1}},"line":4},"1":{"name":"goToScreenWithParams","decl":{"start":{"line":8,"column":16},"end":{"line":8,"column":36}},"loc":{"start":{"line":8,"column":72},"end":{"line":10,"column":1}},"line":8},"2":{"name":"goToScreen","decl":{"start":{"line":12,"column":16},"end":{"line":12,"column":26}},"loc":{"start":{"line":12,"column":49},"end":{"line":14,"column":1}},"line":12}},"branchMap":{"0":{"loc":{"start":{"line":8,"column":48},"end":{"line":8,"column":59}},"type":"default-arg","locations":[{"start":{"line":8,"column":57},"end":{"line":8,"column":59}}],"line":8}},"s":{"0":0,"1":0,"2":1},"f":{"0":0,"1":0,"2":1},"b":{"0":[0]},"_coverageSchema":"1a1c01bbd47fc00a2c39e90264f33305004495a9","hash":"dc58a1e6570a0f8908226f184a5a98929764b878"}
,"/home/user/FirstProject/src/navigation/NavigationPath.js": {"path":"/home/user/FirstProject/src/navigation/NavigationPath.js","statementMap":{"0":{"start":{"line":1,"column":26},"end":{"line":1,"column":33}},"1":{"start":{"line":2,"column":25},"end":{"line":2,"column":31}},"2":{"start":{"line":3,"column":27},"end":{"line":3,"column":35}}},"fnMap":{},"branchMap":{},"s":{"0":2,"1":2,"2":2},"f":{},"b":{},"_coverageSchema":"1a1c01bbd47fc00a2c39e90264f33305004495a9","hash":"ab35891a753a79b555415dc71693afe694e57e5e"}
,"/home/user/FirstProject/src/navigation/RootNavigation.js": {"path":"/home/user/FirstProject/src/navigation/RootNavigation.js","statementMap":{"0":{"start":{"line":3,"column":29},"end":{"line":3,"column":59}},"1":{"start":{"line":6,"column":4},"end":{"line":13,"column":5}},"2":{"start":{"line":7,"column":8},"end":{"line":11,"column":9}},"3":{"start":{"line":8,"column":12},"end":{"line":8,"column":70}},"4":{"start":{"line":10,"column":12},"end":{"line":10,"column":49}}},"fnMap":{"0":{"name":"navigate","decl":{"start":{"line":5,"column":16},"end":{"line":5,"column":24}},"loc":{"start":{"line":5,"column":58},"end":{"line":14,"column":1}},"line":5}},"branchMap":{"0":{"loc":{"start":{"line":5,"column":39},"end":{"line":5,"column":56}},"type":"default-arg","locations":[{"start":{"line":5,"column":51},"end":{"line":5,"column":56}}],"line":5},"1":{"loc":{"start":{"line":6,"column":4},"end":{"line":13,"column":5}},"type":"if","locations":[{"start":{"line":6,"column":4},"end":{"line":13,"column":5}},{"start":{},"end":{}}],"line":6},"2":{"loc":{"start":{"line":7,"column":8},"end":{"line":11,"column":9}},"type":"if","locations":[{"start":{"line":7,"column":8},"end":{"line":11,"column":9}},{"start":{"line":9,"column":15},"end":{"line":11,"column":9}}],"line":7}},"s":{"0":2,"1":1,"2":0,"3":0,"4":0},"f":{"0":1},"b":{"0":[0],"1":[0,1],"2":[0,0]},"_coverageSchema":"1a1c01bbd47fc00a2c39e90264f33305004495a9","hash":"1449ea5fa77749ff70d8cc81efc4794439aadefe"}
,"/home/user/FirstProject/src/navigation/RootNavigator.js": {"path":"/home/user/FirstProject/src/navigation/RootNavigator.js","statementMap":{"0":{"start":{"line":16,"column":14},"end":{"line":16,"column":42}},"1":{"start":{"line":18,"column":22},"end":{"line":48,"column":1}},"2":{"start":{"line":19,"column":2},"end":{"line":47,"column":4}},"3":{"start":{"line":29,"column":12},"end":{"line":29,"column":72}},"4":{"start":{"line":29,"column":49},"end":{"line":29,"column":68}},"5":{"start":{"line":33,"column":44},"end":{"line":40,"column":11}},"6":{"start":{"line":38,"column":30},"end":{"line":38,"column":57}},"7":{"start":{"line":39,"column":31},"end":{"line":39,"column":68}},"8":{"start":{"line":42,"column":22},"end":{"line":42,"column":78}},"9":{"start":{"line":42,"column":57},"end":{"line":42,"column":74}}},"fnMap":{"0":{"name":"(anonymous_0)","decl":{"start":{"line":18,"column":22},"end":{"line":18,"column":23}},"loc":{"start":{"line":18,"column":28},"end":{"line":48,"column":1}},"line":18},"1":{"name":"(anonymous_1)","decl":{"start":{"line":28,"column":11},"end":{"line":28,"column":12}},"loc":{"start":{"line":29,"column":12},"end":{"line":29,"column":72}},"line":29},"2":{"name":"(anonymous_2)","decl":{"start":{"line":29,"column":43},"end":{"line":29,"column":44}},"loc":{"start":{"line":29,"column":49},"end":{"line":29,"column":68}},"line":29},"3":{"name":"(anonymous_3)","decl":{"start":{"line":33,"column":25},"end":{"line":33,"column":26}},"loc":{"start":{"line":33,"column":44},"end":{"line":40,"column":11}},"line":33},"4":{"name":"(anonymous_4)","decl":{"start":{"line":38,"column":24},"end":{"line":38,"column":25}},"loc":{"start":{"line":38,"column":30},"end":{"line":38,"column":57}},"line":38},"5":{"name":"(anonymous_5)","decl":{"start":{"line":39,"column":25},"end":{"line":39,"column":26}},"loc":{"start":{"line":39,"column":31},"end":{"line":39,"column":68}},"line":39},"6":{"name":"(anonymous_6)","decl":{"start":{"line":42,"column":13},"end":{"line":42,"column":14}},"loc":{"start":{"line":42,"column":22},"end":{"line":42,"column":78}},"line":42},"7":{"name":"(anonymous_7)","decl":{"start":{"line":42,"column":51},"end":{"line":42,"column":52}},"loc":{"start":{"line":42,"column":57},"end":{"line":42,"column":74}},"line":42}},"branchMap":{},"s":{"0":1,"1":1,"2":1,"3":0,"4":0,"5":0,"6":0,"7":0,"8":0,"9":0},"f":{"0":1,"1":0,"2":0,"3":0,"4":0,"5":0,"6":0,"7":0},"b":{},"_coverageSchema":"1a1c01bbd47fc00a2c39e90264f33305004495a9","hash":"ec08aa0cbf2243acca21d628e15d3ce086e2237f"}
,"/home/user/FirstProject/src/screens/SplasScreen.js": {"path":"/home/user/FirstProject/src/screens/SplasScreen.js","statementMap":{"0":{"start":{"line":6,"column":21},"end":{"line":13,"column":1}},"1":{"start":{"line":7,"column":2},"end":{"line":11,"column":5}},"2":{"start":{"line":8,"column":4},"end":{"line":10,"column":13}},"3":{"start":{"line":9,"column":6},"end":{"line":9,"column":37}},"4":{"start":{"line":12,"column":2},"end":{"line":12,"column":78}},"5":{"start":{"line":14,"column":15},"end":{"line":20,"column":2}}},"fnMap":{"0":{"name":"(anonymous_0)","decl":{"start":{"line":6,"column":21},"end":{"line":6,"column":22}},"loc":{"start":{"line":6,"column":39},"end":{"line":13,"column":1}},"line":6},"1":{"name":"(anonymous_1)","decl":{"start":{"line":7,"column":12},"end":{"line":7,"column":13}},"loc":{"start":{"line":7,"column":18},"end":{"line":11,"column":3}},"line":7},"2":{"name":"(anonymous_2)","decl":{"start":{"line":8,"column":15},"end":{"line":8,"column":16}},"loc":{"start":{"line":8,"column":21},"end":{"line":10,"column":5}},"line":8}},"branchMap":{},"s":{"0":1,"1":1,"2":1,"3":0,"4":1,"5":1},"f":{"0":1,"1":1,"2":0},"b":{},"_coverageSchema":"1a1c01bbd47fc00a2c39e90264f33305004495a9","hash":"2b343798bd0d49185cb784185bfc028c4a166253"}
,"/home/user/FirstProject/src/screens/login/Login.js": {"path":"/home/user/FirstProject/src/screens/login/Login.js","statementMap":{"0":{"start":{"line":7,"column":21},"end":{"line":28,"column":1}},"1":{"start":{"line":8,"column":19},"end":{"line":8,"column":32}},"2":{"start":{"line":9,"column":29},"end":{"line":9,"column":38}},"3":{"start":{"line":10,"column":25},"end":{"line":21,"column":3}},"4":{"start":{"line":11,"column":4},"end":{"line":20,"column":5}},"5":{"start":{"line":12,"column":6},"end":{"line":12,"column":34}},"6":{"start":{"line":13,"column":6},"end":{"line":13,"column":49}},"7":{"start":{"line":14,"column":6},"end":{"line":14,"column":42}},"8":{"start":{"line":15,"column":6},"end":{"line":15,"column":34}},"9":{"start":{"line":17,"column":6},"end":{"line":17,"column":29}},"10":{"start":{"line":19,"column":6},"end":{"line":19,"column":35}},"11":{"start":{"line":23,"column":25},"end":{"line":23,"column":54}},"12":{"start":{"line":23,"column":31},"end":{"line":23,"column":54}},"13":{"start":{"line":24,"column":2},"end":{"line":27,"column":4}}},"fnMap":{"0":{"name":"(anonymous_0)","decl":{"start":{"line":7,"column":21},"end":{"line":7,"column":22}},"loc":{"start":{"line":7,"column":32},"end":{"line":28,"column":1}},"line":7},"1":{"name":"(anonymous_1)","decl":{"start":{"line":10,"column":25},"end":{"line":10,"column":26}},"loc":{"start":{"line":10,"column":55},"end":{"line":21,"column":3}},"line":10},"2":{"name":"(anonymous_2)","decl":{"start":{"line":23,"column":25},"end":{"line":23,"column":26}},"loc":{"start":{"line":23,"column":31},"end":{"line":23,"column":54}},"line":23}},"branchMap":{},"s":{"0":2,"1":3,"2":3,"3":3,"4":2,"5":2,"6":2,"7":1,"8":1,"9":1,"10":2,"11":3,"12":1,"13":3},"f":{"0":3,"1":2,"2":1},"b":{},"_coverageSchema":"1a1c01bbd47fc00a2c39e90264f33305004495a9","hash":"6df174e9c66494e42dcc7c102fd02a6fed72b16c"}
,"/home/user/FirstProject/src/screens/login/LoginScreen.js": {"path":"/home/user/FirstProject/src/screens/login/LoginScreen.js","statementMap":{"0":{"start":{"line":10,"column":20},"end":{"line":47,"column":1}},"1":{"start":{"line":11,"column":43},"end":{"line":11,"column":50}},"2":{"start":{"line":12,"column":34},"end":{"line":12,"column":46}},"3":{"start":{"line":13,"column":34},"end":{"line":13,"column":46}},"4":{"start":{"line":14,"column":16},"end":{"line":14,"column":60}},"5":{"start":{"line":14,"column":37},"end":{"line":14,"column":59}},"6":{"start":{"line":16,"column":2},"end":{"line":20,"column":5}},"7":{"start":{"line":17,"column":4},"end":{"line":19,"column":5}},"8":{"start":{"line":18,"column":6},"end":{"line":18,"column":69}},"9":{"start":{"line":18,"column":39},"end":{"line":18,"column":55}},"10":{"start":{"line":22,"column":22},"end":{"line":24,"column":3}},"11":{"start":{"line":23,"column":4},"end":{"line":23,"column":39}},"12":{"start":{"line":26,"column":2},"end":{"line":46,"column":4}},"13":{"start":{"line":49,"column":15},"end":{"line":57,"column":2}}},"fnMap":{"0":{"name":"(anonymous_0)","decl":{"start":{"line":10,"column":20},"end":{"line":10,"column":21}},"loc":{"start":{"line":10,"column":33},"end":{"line":47,"column":1}},"line":10},"1":{"name":"(anonymous_1)","decl":{"start":{"line":14,"column":28},"end":{"line":14,"column":29}},"loc":{"start":{"line":14,"column":37},"end":{"line":14,"column":59}},"line":14},"2":{"name":"(anonymous_2)","decl":{"start":{"line":16,"column":12},"end":{"line":16,"column":13}},"loc":{"start":{"line":16,"column":18},"end":{"line":20,"column":3}},"line":16},"3":{"name":"(anonymous_3)","decl":{"start":{"line":18,"column":33},"end":{"line":18,"column":34}},"loc":{"start":{"line":18,"column":39},"end":{"line":18,"column":55}},"line":18},"4":{"name":"(anonymous_4)","decl":{"start":{"line":22,"column":22},"end":{"line":22,"column":23}},"loc":{"start":{"line":22,"column":34},"end":{"line":24,"column":3}},"line":22}},"branchMap":{"0":{"loc":{"start":{"line":17,"column":4},"end":{"line":19,"column":5}},"type":"if","locations":[{"start":{"line":17,"column":4},"end":{"line":19,"column":5}},{"start":{},"end":{}}],"line":17}},"s":{"0":2,"1":5,"2":5,"3":5,"4":5,"5":1,"6":5,"7":5,"8":1,"9":0,"10":5,"11":1,"12":5,"13":2},"f":{"0":5,"1":1,"2":5,"3":0,"4":1},"b":{"0":[1,4]},"_coverageSchema":"1a1c01bbd47fc00a2c39e90264f33305004495a9","hash":"fe0f2424f44183ca8e2cb4b645f987f202857371"}
,"/home/user/FirstProject/src/screens/todo/ToDoScreen.js": {"path":"/home/user/FirstProject/src/screens/todo/ToDoScreen.js","statementMap":{"0":{"start":{"line":14,"column":19},"end":{"line":48,"column":1}},"1":{"start":{"line":15,"column":34},"end":{"line":15,"column":46}},"2":{"start":{"line":16,"column":58},"end":{"line":16,"column":64}},"3":{"start":{"line":17,"column":16},"end":{"line":17,"column":60}},"4":{"start":{"line":17,"column":37},"end":{"line":17,"column":59}},"5":{"start":{"line":19,"column":2},"end":{"line":23,"column":5}},"6":{"start":{"line":20,"column":4},"end":{"line":22,"column":5}},"7":{"start":{"line":21,"column":6},"end":{"line":21,"column":69}},"8":{"start":{"line":21,"column":39},"end":{"line":21,"column":55}},"9":{"start":{"line":25,"column":21},"end":{"line":27,"column":3}},"10":{"start":{"line":26,"column":4},"end":{"line":26,"column":27}},"11":{"start":{"line":29,"column":2},"end":{"line":47,"column":4}},"12":{"start":{"line":50,"column":15},"end":{"line":58,"column":2}}},"fnMap":{"0":{"name":"(anonymous_0)","decl":{"start":{"line":14,"column":19},"end":{"line":14,"column":20}},"loc":{"start":{"line":14,"column":31},"end":{"line":48,"column":1}},"line":14},"1":{"name":"(anonymous_1)","decl":{"start":{"line":17,"column":28},"end":{"line":17,"column":29}},"loc":{"start":{"line":17,"column":37},"end":{"line":17,"column":59}},"line":17},"2":{"name":"(anonymous_2)","decl":{"start":{"line":19,"column":12},"end":{"line":19,"column":13}},"loc":{"start":{"line":19,"column":18},"end":{"line":23,"column":3}},"line":19},"3":{"name":"(anonymous_3)","decl":{"start":{"line":21,"column":33},"end":{"line":21,"column":34}},"loc":{"start":{"line":21,"column":39},"end":{"line":21,"column":55}},"line":21},"4":{"name":"(anonymous_4)","decl":{"start":{"line":25,"column":21},"end":{"line":25,"column":22}},"loc":{"start":{"line":25,"column":27},"end":{"line":27,"column":3}},"line":25}},"branchMap":{"0":{"loc":{"start":{"line":20,"column":4},"end":{"line":22,"column":5}},"type":"if","locations":[{"start":{"line":20,"column":4},"end":{"line":22,"column":5}},{"start":{},"end":{}}],"line":20}},"s":{"0":1,"1":0,"2":0,"3":0,"4":0,"5":0,"6":0,"7":0,"8":0,"9":0,"10":0,"11":0,"12":1},"f":{"0":0,"1":0,"2":0,"3":0,"4":0},"b":{"0":[0,0]},"_coverageSchema":"1a1c01bbd47fc00a2c39e90264f33305004495a9","hash":"79c8f221ec5f9ea1d034fd3b8844ec707ea9f12d"}
,"/home/user/FirstProject/src/screens/todo/Todo.js": {"path":"/home/user/FirstProject/src/screens/todo/Todo.js","statementMap":{"0":{"start":{"line":6,"column":20},"end":{"line":53,"column":1}},"1":{"start":{"line":7,"column":21},"end":{"line":7,"column":34}},"2":{"start":{"line":8,"column":29},"end":{"line":8,"column":38}},"3":{"start":{"line":9,"column":18},"end":{"line":9,"column":62}},"4":{"start":{"line":9,"column":39},"end":{"line":9,"column":61}},"5":{"start":{"line":10,"column":21},"end":{"line":10,"column":65}},"6":{"start":{"line":10,"column":42},"end":{"line":10,"column":64}},"7":{"start":{"line":12,"column":25},"end":{"line":33,"column":5}},"8":{"start":{"line":13,"column":8},"end":{"line":32,"column":9}},"9":{"start":{"line":14,"column":12},"end":{"line":14,"column":40}},"10":{"start":{"line":15,"column":12},"end":{"line":17,"column":13}},"11":{"start":{"line":16,"column":16},"end":{"line":16,"column":65}},"12":{"start":{"line":18,"column":23},"end":{"line":21,"column":13}},"13":{"start":{"line":23,"column":25},"end":{"line":23,"column":51}},"14":{"start":{"line":24,"column":12},"end":{"line":24,"column":43}},"15":{"start":{"line":25,"column":12},"end":{"line":27,"column":14}},"16":{"start":{"line":29,"column":12},"end":{"line":29,"column":47}},"17":{"start":{"line":31,"column":12},"end":{"line":31,"column":41}},"18":{"start":{"line":35,"column":28},"end":{"line":44,"column":5}},"19":{"start":{"line":36,"column":8},"end":{"line":43,"column":9}},"20":{"start":{"line":38,"column":16},"end":{"line":38,"column":28}},"21":{"start":{"line":40,"column":16},"end":{"line":40,"column":54}},"22":{"start":{"line":40,"column":43},"end":{"line":40,"column":53}},"23":{"start":{"line":42,"column":16},"end":{"line":42,"column":55}},"24":{"start":{"line":42,"column":43},"end":{"line":42,"column":54}},"25":{"start":{"line":46,"column":27},"end":{"line":46,"column":56}},"26":{"start":{"line":46,"column":33},"end":{"line":46,"column":56}},"27":{"start":{"line":48,"column":4},"end":{"line":52,"column":5}}},"fnMap":{"0":{"name":"(anonymous_0)","decl":{"start":{"line":6,"column":20},"end":{"line":6,"column":21}},"loc":{"start":{"line":6,"column":33},"end":{"line":53,"column":1}},"line":6},"1":{"name":"(anonymous_1)","decl":{"start":{"line":9,"column":30},"end":{"line":9,"column":31}},"loc":{"start":{"line":9,"column":39},"end":{"line":9,"column":61}},"line":9},"2":{"name":"(anonymous_2)","decl":{"start":{"line":10,"column":33},"end":{"line":10,"column":34}},"loc":{"start":{"line":10,"column":42},"end":{"line":10,"column":64}},"line":10},"3":{"name":"(anonymous_3)","decl":{"start":{"line":12,"column":25},"end":{"line":12,"column":26}},"loc":{"start":{"line":12,"column":44},"end":{"line":33,"column":5}},"line":12},"4":{"name":"(anonymous_4)","decl":{"start":{"line":35,"column":28},"end":{"line":35,"column":29}},"loc":{"start":{"line":35,"column":34},"end":{"line":44,"column":5}},"line":35},"5":{"name":"(anonymous_5)","decl":{"start":{"line":40,"column":36},"end":{"line":40,"column":37}},"loc":{"start":{"line":40,"column":43},"end":{"line":40,"column":53}},"line":40},"6":{"name":"(anonymous_6)","decl":{"start":{"line":42,"column":36},"end":{"line":42,"column":37}},"loc":{"start":{"line":42,"column":43},"end":{"line":42,"column":54}},"line":42},"7":{"name":"(anonymous_7)","decl":{"start":{"line":46,"column":27},"end":{"line":46,"column":28}},"loc":{"start":{"line":46,"column":33},"end":{"line":46,"column":56}},"line":46}},"branchMap":{"0":{"loc":{"start":{"line":15,"column":12},"end":{"line":17,"column":13}},"type":"if","locations":[{"start":{"line":15,"column":12},"end":{"line":17,"column":13}},{"start":{},"end":{}}],"line":15},"1":{"loc":{"start":{"line":36,"column":8},"end":{"line":43,"column":9}},"type":"switch","locations":[{"start":{"line":37,"column":12},"end":{"line":38,"column":28}},{"start":{"line":39,"column":12},"end":{"line":40,"column":54}},{"start":{"line":41,"column":12},"end":{"line":42,"column":55}}],"line":36}},"s":{"0":1,"1":0,"2":0,"3":0,"4":0,"5":0,"6":0,"7":0,"8":0,"9":0,"10":0,"11":0,"12":0,"13":0,"14":0,"15":0,"16":0,"17":0,"18":0,"19":0,"20":0,"21":0,"22":0,"23":0,"24":0,"25":0,"26":0,"27":0},"f":{"0":0,"1":0,"2":0,"3":0,"4":0,"5":0,"6":0,"7":0},"b":{"0":[0,0],"1":[0,0,0]},"_coverageSchema":"1a1c01bbd47fc00a2c39e90264f33305004495a9","hash":"e68b34f195d68d3846d6288099e8d1b307834d3e"}
,"/home/user/FirstProject/src/services/ApiClient.js": {"path":"/home/user/FirstProject/src/services/ApiClient.js","statementMap":{"0":{"start":{"line":7,"column":15},"end":{"line":9,"column":2}},"1":{"start":{"line":11,"column":0},"end":{"line":18,"column":2}},"2":{"start":{"line":12,"column":4},"end":{"line":12,"column":20}},"3":{"start":{"line":14,"column":4},"end":{"line":16,"column":5}},"4":{"start":{"line":15,"column":8},"end":{"line":15,"column":20}},"5":{"start":{"line":17,"column":4},"end":{"line":17,"column":33}},"6":{"start":{"line":20,"column":0},"end":{"line":30,"column":2}},"7":{"start":{"line":21,"column":4},"end":{"line":26,"column":5}},"8":{"start":{"line":22,"column":22},"end":{"line":22,"column":59}},"9":{"start":{"line":23,"column":8},"end":{"line":25,"column":9}},"10":{"start":{"line":27,"column":4},"end":{"line":27,"column":18}},"11":{"start":{"line":29,"column":4},"end":{"line":29,"column":32}},"12":{"start":{"line":32,"column":22},"end":{"line":68,"column":1}},"13":{"start":{"line":33,"column":16},"end":{"line":46,"column":5}},"14":{"start":{"line":34,"column":8},"end":{"line":45,"column":9}},"15":{"start":{"line":35,"column":25},"end":{"line":35,"column":46}},"16":{"start":{"line":36,"column":12},"end":{"line":36,"column":31}},"17":{"start":{"line":38,"column":12},"end":{"line":44,"column":13}},"18":{"start":{"line":39,"column":16},"end":{"line":41,"column":17}},"19":{"start":{"line":40,"column":20},"end":{"line":40,"column":63}},"20":{"start":{"line":43,"column":16},"end":{"line":43,"column":45}},"21":{"start":{"line":47,"column":17},"end":{"line":60,"column":5}},"22":{"start":{"line":48,"column":8},"end":{"line":59,"column":9}},"23":{"start":{"line":49,"column":25},"end":{"line":49,"column":55}},"24":{"start":{"line":50,"column":12},"end":{"line":50,"column":31}},"25":{"start":{"line":52,"column":12},"end":{"line":58,"column":13}},"26":{"start":{"line":53,"column":16},"end":{"line":55,"column":17}},"27":{"start":{"line":54,"column":20},"end":{"line":54,"column":63}},"28":{"start":{"line":57,"column":16},"end":{"line":57,"column":45}},"29":{"start":{"line":62,"column":4},"end":{"line":65,"column":5}}},"fnMap":{"0":{"name":"(anonymous_0)","decl":{"start":{"line":11,"column":33},"end":{"line":11,"column":34}},"loc":{"start":{"line":11,"column":47},"end":{"line":13,"column":1}},"line":11},"1":{"name":"(anonymous_1)","decl":{"start":{"line":13,"column":3},"end":{"line":13,"column":4}},"loc":{"start":{"line":13,"column":14},"end":{"line":18,"column":1}},"line":13},"2":{"name":"(anonymous_2)","decl":{"start":{"line":20,"column":32},"end":{"line":20,"column":33}},"loc":{"start":{"line":20,"column":50},"end":{"line":28,"column":1}},"line":20},"3":{"name":"(anonymous_3)","decl":{"start":{"line":28,"column":3},"end":{"line":28,"column":4}},"loc":{"start":{"line":28,"column":20},"end":{"line":30,"column":1}},"line":28},"4":{"name":"(anonymous_4)","decl":{"start":{"line":32,"column":22},"end":{"line":32,"column":23}},"loc":{"start":{"line":32,"column":28},"end":{"line":68,"column":1}},"line":32},"5":{"name":"(anonymous_5)","decl":{"start":{"line":33,"column":16},"end":{"line":33,"column":17}},"loc":{"start":{"line":33,"column":31},"end":{"line":46,"column":5}},"line":33},"6":{"name":"(anonymous_6)","decl":{"start":{"line":47,"column":17},"end":{"line":47,"column":18}},"loc":{"start":{"line":47,"column":40},"end":{"line":60,"column":5}},"line":47}},"branchMap":{"0":{"loc":{"start":{"line":14,"column":4},"end":{"line":16,"column":5}},"type":"if","locations":[{"start":{"line":14,"column":4},"end":{"line":16,"column":5}},{"start":{},"end":{}}],"line":14},"1":{"loc":{"start":{"line":21,"column":4},"end":{"line":26,"column":5}},"type":"if","locations":[{"start":{"line":21,"column":4},"end":{"line":26,"column":5}},{"start":{},"end":{}}],"line":21},"2":{"loc":{"start":{"line":38,"column":12},"end":{"line":44,"column":13}},"type":"if","locations":[{"start":{"line":38,"column":12},"end":{"line":44,"column":13}},{"start":{"line":42,"column":19},"end":{"line":44,"column":13}}],"line":38},"3":{"loc":{"start":{"line":39,"column":16},"end":{"line":41,"column":17}},"type":"if","locations":[{"start":{"line":39,"column":16},"end":{"line":41,"column":17}},{"start":{},"end":{}}],"line":39},"4":{"loc":{"start":{"line":52,"column":12},"end":{"line":58,"column":13}},"type":"if","locations":[{"start":{"line":52,"column":12},"end":{"line":58,"column":13}},{"start":{"line":56,"column":19},"end":{"line":58,"column":13}}],"line":52},"5":{"loc":{"start":{"line":53,"column":16},"end":{"line":55,"column":17}},"type":"if","locations":[{"start":{"line":53,"column":16},"end":{"line":55,"column":17}},{"start":{},"end":{}}],"line":53}},"s":{"0":1,"1":1,"2":0,"3":0,"4":0,"5":0,"6":1,"7":0,"8":0,"9":0,"10":0,"11":0,"12":1,"13":0,"14":0,"15":0,"16":0,"17":0,"18":0,"19":0,"20":0,"21":0,"22":0,"23":0,"24":0,"25":0,"26":0,"27":0,"28":0,"29":0},"f":{"0":0,"1":0,"2":0,"3":0,"4":0,"5":0,"6":0},"b":{"0":[0,0],"1":[0,0],"2":[0,0],"3":[0,0],"4":[0,0],"5":[0,0]},"_coverageSchema":"1a1c01bbd47fc00a2c39e90264f33305004495a9","hash":"00cae1d49b5bf14027cab8e38b4223c2656d50f4"}
,"/home/user/FirstProject/src/services/LoginService.js": {"path":"/home/user/FirstProject/src/services/LoginService.js","statementMap":{"0":{"start":{"line":4,"column":21},"end":{"line":20,"column":1}},"1":{"start":{"line":5,"column":27},"end":{"line":16,"column":3}},"2":{"start":{"line":6,"column":4},"end":{"line":15,"column":5}},"3":{"start":{"line":7,"column":17},"end":{"line":10,"column":8}},"4":{"start":{"line":11,"column":6},"end":{"line":11,"column":56}},"5":{"start":{"line":13,"column":6},"end":{"line":13,"column":21}},"6":{"start":{"line":14,"column":6},"end":{"line":14,"column":14}},"7":{"start":{"line":17,"column":2},"end":{"line":19,"column":4}}},"fnMap":{"0":{"name":"(anonymous_0)","decl":{"start":{"line":4,"column":21},"end":{"line":4,"column":22}},"loc":{"start":{"line":4,"column":27},"end":{"line":20,"column":1}},"line":4},"1":{"name":"(anonymous_1)","decl":{"start":{"line":5,"column":27},"end":{"line":5,"column":28}},"loc":{"start":{"line":5,"column":57},"end":{"line":16,"column":3}},"line":5}},"branchMap":{},"s":{"0":1,"1":0,"2":0,"3":0,"4":0,"5":0,"6":0,"7":0},"f":{"0":0,"1":0},"b":{},"_coverageSchema":"1a1c01bbd47fc00a2c39e90264f33305004495a9","hash":"eda9029e63c38fbf0cee856c2fe63f208867a12f"}
,"/home/user/FirstProject/src/services/TodoService.js": {"path":"/home/user/FirstProject/src/services/TodoService.js","statementMap":{"0":{"start":{"line":3,"column":20},"end":{"line":29,"column":1}},"1":{"start":{"line":4,"column":27},"end":{"line":15,"column":5}},"2":{"start":{"line":5,"column":8},"end":{"line":14,"column":9}},"3":{"start":{"line":6,"column":23},"end":{"line":8,"column":14}},"4":{"start":{"line":9,"column":12},"end":{"line":9,"column":30}},"5":{"start":{"line":10,"column":12},"end":{"line":10,"column":24}},"6":{"start":{"line":12,"column":12},"end":{"line":12,"column":27}},"7":{"start":{"line":13,"column":12},"end":{"line":13,"column":20}},"8":{"start":{"line":17,"column":27},"end":{"line":26,"column":5}},"9":{"start":{"line":18,"column":8},"end":{"line":25,"column":9}},"10":{"start":{"line":19,"column":23},"end":{"line":19,"column":58}},"11":{"start":{"line":20,"column":12},"end":{"line":20,"column":30}},"12":{"start":{"line":21,"column":12},"end":{"line":21,"column":30}},"13":{"start":{"line":23,"column":12},"end":{"line":23,"column":27}},"14":{"start":{"line":24,"column":12},"end":{"line":24,"column":20}},"15":{"start":{"line":28,"column":4},"end":{"line":28,"column":43}}},"fnMap":{"0":{"name":"(anonymous_0)","decl":{"start":{"line":3,"column":20},"end":{"line":3,"column":21}},"loc":{"start":{"line":3,"column":26},"end":{"line":29,"column":1}},"line":3},"1":{"name":"(anonymous_1)","decl":{"start":{"line":4,"column":27},"end":{"line":4,"column":28}},"loc":{"start":{"line":4,"column":43},"end":{"line":15,"column":5}},"line":4},"2":{"name":"(anonymous_2)","decl":{"start":{"line":17,"column":27},"end":{"line":17,"column":28}},"loc":{"start":{"line":17,"column":39},"end":{"line":26,"column":5}},"line":17}},"branchMap":{},"s":{"0":1,"1":0,"2":0,"3":0,"4":0,"5":0,"6":0,"7":0,"8":0,"9":0,"10":0,"11":0,"12":0,"13":0,"14":0,"15":0},"f":{"0":0,"1":0,"2":0},"b":{},"_coverageSchema":"1a1c01bbd47fc00a2c39e90264f33305004495a9","hash":"a1fd7c5dc48b815b2f658d549946bc840ba528bd"}
,"/home/user/FirstProject/src/stores/app/AppAction.js": {"path":"/home/user/FirstProject/src/stores/app/AppAction.js","statementMap":{"0":{"start":{"line":4,"column":4},"end":{"line":7,"column":5}},"1":{"start":{"line":11,"column":4},"end":{"line":14,"column":5}}},"fnMap":{"0":{"name":"showLoading","decl":{"start":{"line":3,"column":16},"end":{"line":3,"column":27}},"loc":{"start":{"line":3,"column":37},"end":{"line":8,"column":1}},"line":3},"1":{"name":"showError","decl":{"start":{"line":10,"column":16},"end":{"line":10,"column":25}},"loc":{"start":{"line":10,"column":40},"end":{"line":15,"column":1}},"line":10}},"branchMap":{},"s":{"0":4,"1":4},"f":{"0":4,"1":4},"b":{},"_coverageSchema":"1a1c01bbd47fc00a2c39e90264f33305004495a9","hash":"3e91487d6c7b42eb7396f3a826ec832831216285"}
,"/home/user/FirstProject/src/stores/login/LoginAction.js": {"path":"/home/user/FirstProject/src/stores/login/LoginAction.js","statementMap":{"0":{"start":{"line":4,"column":2},"end":{"line":7,"column":4}},"1":{"start":{"line":11,"column":2},"end":{"line":13,"column":4}}},"fnMap":{"0":{"name":"login","decl":{"start":{"line":3,"column":16},"end":{"line":3,"column":21}},"loc":{"start":{"line":3,"column":33},"end":{"line":8,"column":1}},"line":3},"1":{"name":"logout","decl":{"start":{"line":10,"column":16},"end":{"line":10,"column":22}},"loc":{"start":{"line":10,"column":25},"end":{"line":14,"column":1}},"line":10}},"branchMap":{},"s":{"0":1,"1":0},"f":{"0":1,"1":0},"b":{},"_coverageSchema":"1a1c01bbd47fc00a2c39e90264f33305004495a9","hash":"3ad35515353247b3f4d6d752be2bef574c09b528"}
,"/home/user/FirstProject/src/stores/todo/ToDoAction.js": {"path":"/home/user/FirstProject/src/stores/todo/ToDoAction.js","statementMap":{"0":{"start":{"line":4,"column":4},"end":{"line":7,"column":5}},"1":{"start":{"line":11,"column":4},"end":{"line":14,"column":5}},"2":{"start":{"line":18,"column":4},"end":{"line":21,"column":5}},"3":{"start":{"line":25,"column":4},"end":{"line":28,"column":5}},"4":{"start":{"line":31,"column":4},"end":{"line":34,"column":5}},"5":{"start":{"line":38,"column":4},"end":{"line":41,"column":5}}},"fnMap":{"0":{"name":"addTodo","decl":{"start":{"line":3,"column":16},"end":{"line":3,"column":23}},"loc":{"start":{"line":3,"column":33},"end":{"line":8,"column":1}},"line":3},"1":{"name":"toggleComplete","decl":{"start":{"line":10,"column":16},"end":{"line":10,"column":30}},"loc":{"start":{"line":10,"column":42},"end":{"line":15,"column":1}},"line":10},"2":{"name":"deleteTodo","decl":{"start":{"line":17,"column":16},"end":{"line":17,"column":26}},"loc":{"start":{"line":17,"column":38},"end":{"line":22,"column":1}},"line":17},"3":{"name":"changeType","decl":{"start":{"line":24,"column":16},"end":{"line":24,"column":26}},"loc":{"start":{"line":24,"column":33},"end":{"line":29,"column":1}},"line":24},"4":{"name":"setTodoName","decl":{"start":{"line":30,"column":16},"end":{"line":30,"column":27}},"loc":{"start":{"line":30,"column":34},"end":{"line":35,"column":1}},"line":30},"5":{"name":"showLoading","decl":{"start":{"line":37,"column":16},"end":{"line":37,"column":27}},"loc":{"start":{"line":37,"column":37},"end":{"line":42,"column":1}},"line":37}},"branchMap":{},"s":{"0":0,"1":0,"2":0,"3":0,"4":0,"5":0},"f":{"0":0,"1":0,"2":0,"3":0,"4":0,"5":0},"b":{},"_coverageSchema":"1a1c01bbd47fc00a2c39e90264f33305004495a9","hash":"22d3fdd5c05281381a077a02b71b95377f8a8e44"}
,"/home/user/FirstProject/src/utils/AppError.js": {"path":"/home/user/FirstProject/src/utils/AppError.js","statementMap":{"0":{"start":{"line":3,"column":4},"end":{"line":3,"column":19}},"1":{"start":{"line":4,"column":4},"end":{"line":4,"column":34}},"2":{"start":{"line":10,"column":4},"end":{"line":10,"column":19}},"3":{"start":{"line":11,"column":4},"end":{"line":11,"column":36}},"4":{"start":{"line":17,"column":4},"end":{"line":17,"column":19}},"5":{"start":{"line":18,"column":4},"end":{"line":18,"column":33}},"6":{"start":{"line":24,"column":4},"end":{"line":24,"column":19}},"7":{"start":{"line":25,"column":4},"end":{"line":25,"column":30}}},"fnMap":{"0":{"name":"(anonymous_0)","decl":{"start":{"line":2,"column":2},"end":{"line":2,"column":3}},"loc":{"start":{"line":2,"column":23},"end":{"line":5,"column":3}},"line":2},"1":{"name":"(anonymous_1)","decl":{"start":{"line":9,"column":2},"end":{"line":9,"column":3}},"loc":{"start":{"line":9,"column":23},"end":{"line":12,"column":3}},"line":9},"2":{"name":"(anonymous_2)","decl":{"start":{"line":16,"column":2},"end":{"line":16,"column":3}},"loc":{"start":{"line":16,"column":23},"end":{"line":19,"column":3}},"line":16},"3":{"name":"(anonymous_3)","decl":{"start":{"line":23,"column":2},"end":{"line":23,"column":3}},"loc":{"start":{"line":23,"column":23},"end":{"line":26,"column":3}},"line":23}},"branchMap":{},"s":{"0":0,"1":0,"2":0,"3":0,"4":0,"5":0,"6":0,"7":0},"f":{"0":0,"1":0,"2":0,"3":0},"b":{},"_coverageSchema":"1a1c01bbd47fc00a2c39e90264f33305004495a9","hash":"1437a46f504eea9754dd25aa5c24aa9fccd019a2"}
,"/home/user/FirstProject/src/utils/LocalStorage.js": {"path":"/home/user/FirstProject/src/utils/LocalStorage.js","statementMap":{"0":{"start":{"line":4,"column":21},"end":{"line":23,"column":1}},"1":{"start":{"line":5,"column":18},"end":{"line":9,"column":3}},"2":{"start":{"line":6,"column":4},"end":{"line":8,"column":18}},"3":{"start":{"line":7,"column":6},"end":{"line":7,"column":45}},"4":{"start":{"line":10,"column":18},"end":{"line":17,"column":3}},"5":{"start":{"line":11,"column":4},"end":{"line":16,"column":18}},"6":{"start":{"line":12,"column":20},"end":{"line":12,"column":51}},"7":{"start":{"line":13,"column":6},"end":{"line":15,"column":7}},"8":{"start":{"line":14,"column":8},"end":{"line":14,"column":21}},"9":{"start":{"line":19,"column":2},"end":{"line":22,"column":4}}},"fnMap":{"0":{"name":"(anonymous_0)","decl":{"start":{"line":4,"column":21},"end":{"line":4,"column":22}},"loc":{"start":{"line":4,"column":27},"end":{"line":23,"column":1}},"line":4},"1":{"name":"(anonymous_1)","decl":{"start":{"line":5,"column":18},"end":{"line":5,"column":19}},"loc":{"start":{"line":5,"column":40},"end":{"line":9,"column":3}},"line":5},"2":{"name":"(anonymous_2)","decl":{"start":{"line":10,"column":18},"end":{"line":10,"column":19}},"loc":{"start":{"line":10,"column":31},"end":{"line":17,"column":3}},"line":10}},"branchMap":{"0":{"loc":{"start":{"line":13,"column":6},"end":{"line":15,"column":7}},"type":"if","locations":[{"start":{"line":13,"column":6},"end":{"line":15,"column":7}},{"start":{},"end":{}}],"line":13}},"s":{"0":1,"1":0,"2":0,"3":0,"4":0,"5":0,"6":0,"7":0,"8":0,"9":0},"f":{"0":0,"1":0,"2":0},"b":{"0":[0,0]},"_coverageSchema":"1a1c01bbd47fc00a2c39e90264f33305004495a9","hash":"697aa58c876f2d85499e0ce616699dc0efd4a1fb"}
,"/home/user/FirstProject/src/utils/constants.js": {"path":"/home/user/FirstProject/src/utils/constants.js","statementMap":{"0":{"start":{"line":1,"column":28},"end":{"line":1,"column":42}},"1":{"start":{"line":2,"column":24},"end":{"line":2,"column":34}},"2":{"start":{"line":3,"column":31},"end":{"line":3,"column":48}},"3":{"start":{"line":4,"column":27},"end":{"line":4,"column":40}},"4":{"start":{"line":5,"column":27},"end":{"line":5,"column":40}},"5":{"start":{"line":6,"column":29},"end":{"line":6,"column":44}},"6":{"start":{"line":7,"column":21},"end":{"line":7,"column":28}},"7":{"start":{"line":8,"column":22},"end":{"line":8,"column":30}},"8":{"start":{"line":9,"column":26},"end":{"line":9,"column":38}}},"fnMap":{},"branchMap":{},"s":{"0":2,"1":2,"2":2,"3":2,"4":2,"5":2,"6":2,"7":2,"8":2},"f":{},"b":{},"_coverageSchema":"1a1c01bbd47fc00a2c39e90264f33305004495a9","hash":"78a1e3eb06e4d0930937745dcc5a31f47389c4a1"}
,"/home/user/FirstProject/src/utils/languages/index.js": {"path":"/home/user/FirstProject/src/utils/languages/index.js","statementMap":{},"fnMap":{},"branchMap":{},"s":{},"f":{},"b":{},"_coverageSchema":"1a1c01bbd47fc00a2c39e90264f33305004495a9","hash":"272b22b4c3d3b17048ac9d0799e6365138882e8b"}
,"/home/user/FirstProject/src/utils/languages/en/index.js": {"path":"/home/user/FirstProject/src/utils/languages/en/index.js","statementMap":{},"fnMap":{},"branchMap":{},"s":{},"f":{},"b":{},"_coverageSchema":"1a1c01bbd47fc00a2c39e90264f33305004495a9","hash":"03f400094dbf72acd344d6376563e12aac5f532d"}
}
