TN:
SF:App.js
FN:12,(anonymous_0)
FNF:1
FNH:1
FNDA:2,(anonymous_0)
DA:12,1
DA:13,2
LF:2
LH:2
BRF:0
BRH:0
end_of_record
TN:
SF:src/navigation/NavigationHelper.js
FN:4,goToLogin
FN:8,goToScreen
FN:12,goToScreenWithParams
FNF:3
FNH:0
FNDA:0,goToLogin
FNDA:0,goToScreen
FNDA:0,goToScreenWithParams
DA:5,0
DA:9,0
DA:13,0
LF:3
LH:0
BRDA:12,0,0,0
BRF:1
BRH:0
end_of_record
TN:
SF:src/navigation/NavigationPath.js
FNF:0
FNH:0
DA:1,1
DA:2,1
DA:3,1
LF:3
LH:3
BRF:0
BRH:0
end_of_record
TN:
SF:src/navigation/RootNavigation.js
FN:8,navigate
FNF:1
FNH:0
FNDA:0,navigate
DA:6,1
DA:9,0
DA:10,0
DA:11,0
DA:13,0
LF:5
LH:1
BRDA:8,0,0,0
BRDA:9,1,0,0
BRDA:9,1,1,0
BRDA:10,2,0,0
BRDA:10,2,1,0
BRF:5
BRH:0
end_of_record
TN:
SF:src/navigation/RootNavigator.js
FN:14,(anonymous_0)
FN:22,(anonymous_1)
FN:23,(anonymous_2)
FN:27,(anonymous_3)
FN:30,(anonymous_4)
FNF:5
FNH:1
FNDA:2,(anonymous_0)
FNDA:0,(anonymous_1)
FNDA:0,(anonymous_2)
FNDA:0,(anonymous_3)
FNDA:0,(anonymous_4)
DA:14,1
DA:15,2
DA:16,2
DA:23,0
DA:28,0
DA:30,0
LF:6
LH:3
BRF:0
BRH:0
end_of_record
TN:
SF:src/screens/WelcomeScreen.js
FN:13,(anonymous_0)
FN:24,(anonymous_1)
FNF:2
FNH:1
FNDA:2,(anonymous_0)
FNDA:0,(anonymous_1)
DA:13,1
DA:14,2
DA:24,0
DA:34,1
LF:4
LH:3
BRF:0
BRH:0
end_of_record
TN:
SF:src/screens/login/Login.js
FN:8,(anonymous_0)
FN:15,(anonymous_1)
FN:22,(anonymous_2)
FN:29,(anonymous_3)
FNF:4
FNH:0
FNDA:0,(anonymous_0)
FNDA:0,(anonymous_1)
FNDA:0,(anonymous_2)
FNDA:0,(anonymous_3)
DA:8,1
DA:9,0
DA:10,0
DA:15,0
DA:16,0
DA:22,0
DA:23,0
DA:29,0
DA:30,0
DA:31,0
DA:32,0
DA:34,0
DA:38,0
LF:13
LH:1
BRF:0
BRH:0
end_of_record
TN:
SF:src/screens/login/LoginScreen.js
FN:12,(anonymous_0)
FN:29,(anonymous_1)
FNF:2
FNH:0
FNDA:0,(anonymous_0)
FNDA:0,(anonymous_1)
DA:12,1
DA:13,0
DA:15,0
DA:29,0
DA:38,1
LF:5
LH:2
BRF:0
BRH:0
end_of_record
TN:
SF:src/screens/material/Material.js
FN:5,(anonymous_0)
FN:9,(anonymous_1)
FNF:2
FNH:0
FNDA:0,(anonymous_0)
FNDA:0,(anonymous_1)
DA:5,1
DA:6,0
DA:7,0
DA:9,0
DA:10,0
DA:11,0
DA:12,0
DA:15,0
DA:19,0
LF:9
LH:1
BRF:0
BRH:0
end_of_record
TN:
SF:src/screens/material/MaterialScreen.js
FN:65,(anonymous_0)
FN:70,(anonymous_1)
FN:84,(anonymous_2)
FN:95,(anonymous_3)
FN:96,(anonymous_4)
FN:110,(anonymous_5)
FN:115,(anonymous_6)
FN:123,(anonymous_7)
FN:134,(anonymous_8)
FN:146,(anonymous_9)
FN:152,(anonymous_10)
FNF:11
FNH:0
FNDA:0,(anonymous_0)
FNDA:0,(anonymous_1)
FNDA:0,(anonymous_2)
FNDA:0,(anonymous_3)
FNDA:0,(anonymous_4)
FNDA:0,(anonymous_5)
FNDA:0,(anonymous_6)
FNDA:0,(anonymous_7)
FNDA:0,(anonymous_8)
FNDA:0,(anonymous_9)
FNDA:0,(anonymous_10)
DA:14,1
DA:65,1
DA:66,0
DA:71,0
DA:85,0
DA:95,1
DA:96,0
DA:97,0
DA:98,0
DA:101,0
DA:110,1
DA:111,0
DA:112,0
DA:113,0
DA:115,0
DA:116,0
DA:123,0
DA:124,0
DA:128,0
DA:134,0
DA:146,0
DA:152,1
DA:154,1
LF:23
LH:6
BRF:0
BRH:0
end_of_record
TN:
SF:src/services/ApiClient.js
FN:10,(anonymous_0)
FN:13,(anonymous_1)
FN:21,(anonymous_2)
FN:22,(anonymous_3)
FN:37,(anonymous_4)
FNF:5
FNH:0
FNDA:0,(anonymous_0)
FNDA:0,(anonymous_1)
FNDA:0,(anonymous_2)
FNDA:0,(anonymous_3)
FNDA:0,(anonymous_4)
DA:5,1
DA:9,1
DA:11,0
DA:14,0
DA:15,0
DA:17,0
DA:21,1
DA:22,0
DA:23,0
DA:24,0
DA:25,0
DA:27,0
DA:28,0
DA:29,0
DA:32,0
DA:37,0
DA:38,0
DA:39,0
DA:40,0
DA:42,0
DA:46,0
LF:21
LH:3
BRDA:14,0,0,0
BRDA:14,0,1,0
BRDA:27,1,0,0
BRDA:27,1,1,0
BRDA:28,2,0,0
BRDA:28,2,1,0
BRF:6
BRH:0
end_of_record
TN:
SF:src/services/LoginService.js
FN:3,(anonymous_0)
FN:6,(anonymous_1)
FNF:2
FNH:0
FNDA:0,(anonymous_0)
FNDA:0,(anonymous_1)
DA:3,1
DA:4,0
DA:6,0
DA:7,0
DA:8,0
DA:12,0
DA:14,0
DA:15,0
DA:18,0
LF:9
LH:1
BRF:0
BRH:0
end_of_record
TN:
SF:src/services/MaterialService.js
FN:3,(anonymous_0)
FN:6,(anonymous_1)
FNF:2
FNH:0
FNDA:0,(anonymous_0)
FNDA:0,(anonymous_1)
DA:3,1
DA:4,0
DA:6,0
DA:7,0
DA:8,0
DA:10,0
DA:12,0
DA:13,0
DA:16,0
LF:9
LH:1
BRF:0
BRH:0
end_of_record
